<?xml version="1.0" encoding="UTF-8"?>
<testsuite xmlns:xsi="http://www.w3.org/2001/XMLSchema-instance" xsi:noNamespaceSchemaLocation="https://maven.apache.org/surefire/maven-surefire-plugin/xsd/surefire-test-report-3.0.xsd" version="3.0" name="com.gestor.GestorEmailsTest" time="0.322" tests="8" errors="0" skipped="0" failures="0">
  <properties>
[...]
</properties>
  <testcase name="testMarcarFavoritoYFavoritosBandeja" classname="com.gestor.GestorEmailsTest" time="0.151"/>
  <testcase name="TestMarcarLeido" classname="com.gestor.GestorEmailsTest" time="0.0"/>
  <testcase name="testCrearYEnviarEmail" classname="com.gestor.GestorEmailsTest" time="0.0"/>
  <testcase name="TestVerificarCorreoEnBorradoresconFiltro" classname="com.gestor.GestorEmailsTest" time="0.0"/>
  <testcase name="TestEmailEnBorrador" classname="com.gestor.GestorEmailsTest" time="0.0"/>
  <testcase name="TestVerificarCorreoNoLeidoconFiltro" classname="com.gestor.GestorEmailsTest" time="0.002"/>
  <testcase name="testFiltrosBasico" classname="com.gestor.GestorEmailsTest" time="0.001"/>
  <testcase name="TestCorreoNoLeido" classname="com.gestor.GestorEmailsTest" time="0.001"/>
</testsuite>